<?xml version="1.0" encoding="UTF-8"?>
<!-- Generated by org.testng.reporters.JUnitReportReporter -->
<testsuite hostname="LAPTOP-BTRUR1UD" failures="0" tests="5" name="testNG.priority" time="0.017" errors="0" timestamp="2025-12-21T19:11:14 IST" skipped="1">
  <testcase classname="testNG.priority" name="z" time="0.002"/>
  <testcase classname="testNG.priority" name="z" time="0.001"/>
  <testcase classname="testNG.priority" name="z" time="0.012"/>
  <testcase classname="testNG.priority" name="a" time="0.002"/>
  <testcase classname="testNG.priority" name="b">
    <skipped/>
  </testcase> <!-- b -->
</testsuite> <!-- testNG.priority -->
