<?xml version="1.0" encoding="UTF-8"?>
<!-- Generated by org.testng.reporters.JUnitReportReporter -->
<testsuite hostname="LAPTOP-BTRUR1UD" failures="0" tests="8" name="testNG.groups" time="0.027" errors="0" timestamp="2025-12-21T19:46:39 IST" skipped="1">
  <testcase classname="testNG.groups" name="click" time="0.002"/>
  <testcase classname="testNG.groups" name="click" time="0.014"/>
  <testcase classname="testNG.groups" name="click" time="0.004"/>
  <testcase classname="testNG.groups" name="click" time="0.003"/>
  <testcase classname="testNG.groups" name="click" time="0.001"/>
  <testcase classname="testNG.groups" name="hiturl" time="0.002"/>
  <testcase classname="testNG.groups" name="launchbrowser" time="0.001"/>
  <testcase classname="testNG.groups" name="overlap">
    <skipped/>
  </testcase> <!-- overlap -->
</testsuite> <!-- testNG.groups -->
