<?xml version="1.0" encoding="UTF-8"?>
<!-- Generated by org.testng.reporters.JUnitXMLReporter -->
<testsuite ignored="2" hostname="LAPTOP-BTRUR1UD" failures="0" tests="7" name="Test" time="0.084" errors="0" timestamp="2025-12-21T19:46:39 IST">
  <testcase classname="testNG.groups" name="click" time="0.014"/>
  <testcase classname="testNG.groups" name="click" time="0.003"/>
  <testcase classname="testNG.groups" name="click" time="0.002"/>
  <testcase classname="testNG.groups" name="click" time="0.004"/>
  <testcase classname="testNG.groups" name="click" time="0.001"/>
  <testcase classname="testNG.groups" name="hiturl" time="0.002"/>
  <testcase classname="testNG.groups" name="launchbrowser" time="0.001"/>
  <testcase classname="testNG.groups" name="search" time="0.0">
    <ignored/>
  </testcase> <!-- search -->
  <testcase classname="testNG.groups" name="overlap" time="0.0">
    <ignored/>
  </testcase> <!-- overlap -->
</testsuite> <!-- Test -->
